2024-09-01 22:53:00,755 - app.main - INFO - Database connection was successful
2024-09-01 22:58:02,033 - app.main - INFO - Database connection was successful
2024-09-01 22:59:04,227 - app.main - INFO - Database connection was successful
2024-09-01 23:02:16,550 - app.main - INFO - Database connection was successful
2024-09-01 23:03:29,567 - app.main - INFO - Database connection was successful
2024-09-01 23:04:06,905 - app.main - INFO - Database connection was successful
2024-09-01 23:04:20,964 - app.main - INFO - Database connection was successful
2024-09-01 23:04:30,882 - app.main - INFO - Database connection was successful
2024-09-01 23:04:40,590 - app.main - INFO - Database connection was successful
2024-09-01 23:05:35,507 - app.main - INFO - Database connection was successful
2024-09-01 23:06:36,986 - app.main - INFO - Database connection was successful
2024-09-01 23:07:23,676 - app.main - INFO - Database connection was successful
2024-09-01 23:08:49,043 - app.main - INFO - Database connection was successful
2024-09-01 23:09:01,897 - app.main - INFO - Database connection was successful
2024-09-01 23:09:28,201 - app.main - INFO - Database connection was successful
2024-09-01 23:12:24,408 - app.main - INFO - Database connection was successful
2024-09-01 23:12:36,775 - app.main - INFO - Database connection was successful
2024-09-01 23:14:46,737 - app.main - INFO - Database connection was successful
2024-09-01 23:15:26,474 - app.main - INFO - Database connection was successful
2024-09-01 23:15:30,608 - app.main - INFO - Database connection was successful
2024-09-01 23:16:28,968 - app.main - INFO - Database connection was successful
2024-09-01 23:24:37,156 - app.main - INFO - Database connection was successful
2024-09-01 23:25:02,145 - app.main - INFO - Database connection was successful
2024-09-01 23:25:58,413 - app.main - INFO - Database connection was successful
2024-09-01 23:26:26,982 - app.main - INFO - Database connection was successful
2024-09-01 23:26:40,895 - app.main - INFO - Database connection was successful
2024-09-01 23:30:20,683 - app.main - INFO - Database connection was successful
2024-09-01 23:38:34,175 - app.main - INFO - Database connection was successful
2024-09-01 23:39:28,753 - app.main - INFO - Database connection was successful
2024-09-01 23:40:54,814 - app.main - INFO - Database connection was successful
2024-09-01 23:43:29,409 - app.main - INFO - Database connection was successful
2024-09-01 23:44:18,087 - app.main - INFO - Database connection was successful
2024-09-01 23:44:40,315 - app.main - INFO - Database connection was successful
2024-09-01 23:46:39,807 - app.main - INFO - Database connection was successful
2024-09-01 23:47:42,292 - app.main - INFO - Database connection was successful
2024-09-01 23:48:47,138 - app.main - INFO - Database connection was successful
2024-09-01 23:49:00,660 - app.main - INFO - Database connection was successful
2024-09-01 23:49:22,013 - app.main - INFO - Database connection was successful
2024-09-01 23:50:57,686 - app.main - INFO - Database connection was successful
2024-09-01 23:54:16,556 - app.main - INFO - Database connection was successful
2024-09-02 00:03:27,014 - app.main - INFO - Database connection was successful
2024-09-02 00:05:05,509 - app.main - INFO - Database connection was successful
2024-09-02 00:06:11,497 - app.main - INFO - Database connection was successful
2024-09-02 00:06:28,330 - app.main - INFO - Database connection was successful
2024-09-02 00:16:04,355 - app.main - INFO - Database connection was successful
2024-09-02 00:16:36,073 - app.main - INFO - Database connection was successful
2024-09-02 00:17:46,118 - app.main - INFO - Database connection was successful
2024-09-02 00:19:09,399 - app.main - INFO - Database connection was successful
2024-09-02 00:21:43,088 - app.main - INFO - Database connection was successful
2024-09-02 00:38:01,237 - app.main - INFO - Database connection was successful
2024-09-02 00:47:50,084 - app.main - INFO - Database connection was successful
2024-09-02 00:48:57,662 - app.main - INFO - Database connection was successful
2024-09-02 00:49:00,331 - app.main - INFO - Database connection was successful
2024-09-02 00:49:42,090 - app.main - INFO - Database connection was successful
2024-09-02 00:53:07,279 - app.main - INFO - Database connection was successful
2024-09-02 00:54:24,589 - app.main - INFO - Database connection was successful
2024-09-02 19:53:18,133 - app.main - INFO - Database connection was successful
2024-09-02 19:54:20,855 - app.main - INFO - Database connection was successful
2024-09-02 19:56:55,228 - app.main - INFO - Database connection was successful
2024-09-02 19:58:01,809 - app.main - INFO - Database connection was successful
2024-09-02 20:12:32,367 - app.main - INFO - Database connection was successful
2024-09-02 20:15:03,757 - app.main - INFO - Database connection was successful
2024-09-02 20:18:20,921 - app.main - INFO - Database connection was successful
2024-09-02 20:21:02,964 - app.main - INFO - Database connection was successful
2024-09-02 20:23:17,230 - app.main - INFO - Database connection was successful
2024-09-02 20:23:43,901 - app.main - INFO - Database connection was successful
2024-09-02 20:25:25,539 - app.main - INFO - Database connection was successful
2024-09-02 20:27:23,402 - app.main - INFO - Database connection was successful
2024-09-02 20:27:48,571 - app.main - INFO - Database connection was successful
2024-09-03 22:39:32,539 - passlib.registry - DEBUG - registered 'bcrypt' handler: <class 'passlib.handlers.bcrypt.bcrypt'>
2024-09-03 22:44:40,842 - passlib.registry - DEBUG - registered 'bcrypt' handler: <class 'passlib.handlers.bcrypt.bcrypt'>
2024-09-03 22:44:56,769 - passlib.handlers.bcrypt - WARNING - (trapped) error reading bcrypt version
Traceback (most recent call last):
  File "C:\Users\seung\Documents\GitHub\PythonAPIcourse\venv\Lib\site-packages\passlib\handlers\bcrypt.py", line 620, in _load_backend_mixin
    version = _bcrypt.__about__.__version__
              ^^^^^^^^^^^^^^^^^
AttributeError: module 'bcrypt' has no attribute '__about__'
2024-09-03 22:44:56,778 - passlib.handlers.bcrypt - DEBUG - detected 'bcrypt' backend, version '<unknown>'
2024-09-03 22:44:56,778 - passlib.handlers.bcrypt - DEBUG - 'bcrypt' backend lacks $2$ support, enabling workaround
2024-09-03 23:07:10,008 - passlib.registry - DEBUG - registered 'bcrypt' handler: <class 'passlib.handlers.bcrypt.bcrypt'>
2024-09-03 23:08:31,776 - passlib.registry - DEBUG - registered 'bcrypt' handler: <class 'passlib.handlers.bcrypt.bcrypt'>
2024-09-03 23:10:38,299 - passlib.utils.compat - DEBUG - loaded lazy attr 'SafeConfigParser': <class 'configparser.ConfigParser'>
2024-09-03 23:10:38,299 - passlib.utils.compat - DEBUG - loaded lazy attr 'NativeStringIO': <class '_io.StringIO'>
2024-09-03 23:10:38,300 - passlib.utils.compat - DEBUG - loaded lazy attr 'BytesIO': <class '_io.BytesIO'>
2024-09-03 23:10:38,302 - passlib.registry - DEBUG - registered 'bcrypt' handler: <class 'passlib.handlers.bcrypt.bcrypt'>
2024-09-03 23:10:38,353 - passlib.handlers.bcrypt - WARNING - (trapped) error reading bcrypt version
Traceback (most recent call last):
  File "C:\Users\seung\Documents\GitHub\PythonAPIcourse\venv\Lib\site-packages\passlib\handlers\bcrypt.py", line 620, in _load_backend_mixin
    version = _bcrypt.__about__.__version__
              ^^^^^^^^^^^^^^^^^
AttributeError: module 'bcrypt' has no attribute '__about__'
2024-09-03 23:10:38,354 - passlib.handlers.bcrypt - DEBUG - detected 'bcrypt' backend, version '<unknown>'
2024-09-03 23:10:38,354 - passlib.handlers.bcrypt - DEBUG - 'bcrypt' backend lacks $2$ support, enabling workaround
2024-09-03 23:10:40,401 - passlib.utils.compat - DEBUG - loaded lazy attr 'SafeConfigParser': <class 'configparser.ConfigParser'>
2024-09-03 23:10:40,401 - passlib.utils.compat - DEBUG - loaded lazy attr 'NativeStringIO': <class '_io.StringIO'>
2024-09-03 23:10:40,401 - passlib.utils.compat - DEBUG - loaded lazy attr 'BytesIO': <class '_io.BytesIO'>
2024-09-03 23:10:40,405 - passlib.registry - DEBUG - registered 'bcrypt' handler: <class 'passlib.handlers.bcrypt.bcrypt'>
2024-09-03 23:52:43,057 - passlib.utils.compat - DEBUG - loaded lazy attr 'SafeConfigParser': <class 'configparser.ConfigParser'>
2024-09-03 23:52:43,058 - passlib.utils.compat - DEBUG - loaded lazy attr 'NativeStringIO': <class '_io.StringIO'>
2024-09-03 23:52:43,058 - passlib.utils.compat - DEBUG - loaded lazy attr 'BytesIO': <class '_io.BytesIO'>
2024-09-03 23:52:43,061 - passlib.registry - DEBUG - registered 'bcrypt' handler: <class 'passlib.handlers.bcrypt.bcrypt'>
2024-09-03 23:52:48,225 - passlib.utils.compat - DEBUG - loaded lazy attr 'SafeConfigParser': <class 'configparser.ConfigParser'>
2024-09-03 23:52:48,227 - passlib.utils.compat - DEBUG - loaded lazy attr 'NativeStringIO': <class '_io.StringIO'>
2024-09-03 23:52:48,227 - passlib.utils.compat - DEBUG - loaded lazy attr 'BytesIO': <class '_io.BytesIO'>
2024-09-03 23:52:48,233 - passlib.registry - DEBUG - registered 'bcrypt' handler: <class 'passlib.handlers.bcrypt.bcrypt'>
2024-09-03 23:55:18,574 - passlib.utils.compat - DEBUG - loaded lazy attr 'SafeConfigParser': <class 'configparser.ConfigParser'>
2024-09-03 23:55:18,575 - passlib.utils.compat - DEBUG - loaded lazy attr 'NativeStringIO': <class '_io.StringIO'>
2024-09-03 23:55:18,575 - passlib.utils.compat - DEBUG - loaded lazy attr 'BytesIO': <class '_io.BytesIO'>
2024-09-03 23:55:18,577 - passlib.registry - DEBUG - registered 'bcrypt' handler: <class 'passlib.handlers.bcrypt.bcrypt'>
2024-09-03 23:55:29,278 - passlib.utils.compat - DEBUG - loaded lazy attr 'SafeConfigParser': <class 'configparser.ConfigParser'>
2024-09-03 23:55:29,280 - passlib.utils.compat - DEBUG - loaded lazy attr 'NativeStringIO': <class '_io.StringIO'>
2024-09-03 23:55:29,280 - passlib.utils.compat - DEBUG - loaded lazy attr 'BytesIO': <class '_io.BytesIO'>
2024-09-03 23:55:29,287 - passlib.registry - DEBUG - registered 'bcrypt' handler: <class 'passlib.handlers.bcrypt.bcrypt'>
2024-09-03 23:59:17,824 - passlib.utils.compat - DEBUG - loaded lazy attr 'SafeConfigParser': <class 'configparser.ConfigParser'>
2024-09-03 23:59:17,824 - passlib.utils.compat - DEBUG - loaded lazy attr 'NativeStringIO': <class '_io.StringIO'>
2024-09-03 23:59:17,824 - passlib.utils.compat - DEBUG - loaded lazy attr 'BytesIO': <class '_io.BytesIO'>
2024-09-03 23:59:17,827 - passlib.registry - DEBUG - registered 'bcrypt' handler: <class 'passlib.handlers.bcrypt.bcrypt'>
2024-09-04 00:00:11,847 - passlib.utils.compat - DEBUG - loaded lazy attr 'SafeConfigParser': <class 'configparser.ConfigParser'>
2024-09-04 00:00:11,847 - passlib.utils.compat - DEBUG - loaded lazy attr 'NativeStringIO': <class '_io.StringIO'>
2024-09-04 00:00:11,847 - passlib.utils.compat - DEBUG - loaded lazy attr 'BytesIO': <class '_io.BytesIO'>
2024-09-04 00:00:11,850 - passlib.registry - DEBUG - registered 'bcrypt' handler: <class 'passlib.handlers.bcrypt.bcrypt'>
2024-09-04 00:03:02,258 - passlib.utils.compat - DEBUG - loaded lazy attr 'SafeConfigParser': <class 'configparser.ConfigParser'>
2024-09-04 00:03:02,258 - passlib.utils.compat - DEBUG - loaded lazy attr 'NativeStringIO': <class '_io.StringIO'>
2024-09-04 00:03:02,259 - passlib.utils.compat - DEBUG - loaded lazy attr 'BytesIO': <class '_io.BytesIO'>
2024-09-04 00:03:02,262 - passlib.registry - DEBUG - registered 'bcrypt' handler: <class 'passlib.handlers.bcrypt.bcrypt'>
2024-09-04 00:05:27,585 - passlib.utils.compat - DEBUG - loaded lazy attr 'SafeConfigParser': <class 'configparser.ConfigParser'>
2024-09-04 00:05:27,585 - passlib.utils.compat - DEBUG - loaded lazy attr 'NativeStringIO': <class '_io.StringIO'>
2024-09-04 00:05:27,586 - passlib.utils.compat - DEBUG - loaded lazy attr 'BytesIO': <class '_io.BytesIO'>
2024-09-04 00:05:27,588 - passlib.registry - DEBUG - registered 'bcrypt' handler: <class 'passlib.handlers.bcrypt.bcrypt'>
2024-09-04 00:05:33,064 - passlib.utils.compat - DEBUG - loaded lazy attr 'SafeConfigParser': <class 'configparser.ConfigParser'>
2024-09-04 00:05:33,064 - passlib.utils.compat - DEBUG - loaded lazy attr 'NativeStringIO': <class '_io.StringIO'>
2024-09-04 00:05:33,064 - passlib.utils.compat - DEBUG - loaded lazy attr 'BytesIO': <class '_io.BytesIO'>
2024-09-04 00:05:33,067 - passlib.registry - DEBUG - registered 'bcrypt' handler: <class 'passlib.handlers.bcrypt.bcrypt'>
2024-09-04 00:06:50,849 - passlib.utils.compat - DEBUG - loaded lazy attr 'SafeConfigParser': <class 'configparser.ConfigParser'>
2024-09-04 00:06:50,849 - passlib.utils.compat - DEBUG - loaded lazy attr 'NativeStringIO': <class '_io.StringIO'>
2024-09-04 00:06:50,849 - passlib.utils.compat - DEBUG - loaded lazy attr 'BytesIO': <class '_io.BytesIO'>
2024-09-04 00:06:50,851 - passlib.registry - DEBUG - registered 'bcrypt' handler: <class 'passlib.handlers.bcrypt.bcrypt'>
2024-09-04 00:07:27,731 - passlib.utils.compat - DEBUG - loaded lazy attr 'SafeConfigParser': <class 'configparser.ConfigParser'>
2024-09-04 00:07:27,732 - passlib.utils.compat - DEBUG - loaded lazy attr 'NativeStringIO': <class '_io.StringIO'>
2024-09-04 00:07:27,732 - passlib.utils.compat - DEBUG - loaded lazy attr 'BytesIO': <class '_io.BytesIO'>
2024-09-04 00:07:27,735 - passlib.registry - DEBUG - registered 'bcrypt' handler: <class 'passlib.handlers.bcrypt.bcrypt'>
2024-09-04 00:07:33,586 - passlib.utils.compat - DEBUG - loaded lazy attr 'SafeConfigParser': <class 'configparser.ConfigParser'>
2024-09-04 00:07:33,587 - passlib.utils.compat - DEBUG - loaded lazy attr 'NativeStringIO': <class '_io.StringIO'>
2024-09-04 00:07:33,587 - passlib.utils.compat - DEBUG - loaded lazy attr 'BytesIO': <class '_io.BytesIO'>
2024-09-04 00:07:33,590 - passlib.registry - DEBUG - registered 'bcrypt' handler: <class 'passlib.handlers.bcrypt.bcrypt'>
2024-09-04 00:07:39,312 - passlib.handlers.bcrypt - WARNING - (trapped) error reading bcrypt version
Traceback (most recent call last):
  File "C:\Users\seung\Documents\GitHub\PythonAPIcourse\venv\Lib\site-packages\passlib\handlers\bcrypt.py", line 620, in _load_backend_mixin
    version = _bcrypt.__about__.__version__
              ^^^^^^^^^^^^^^^^^
AttributeError: module 'bcrypt' has no attribute '__about__'
2024-09-04 00:07:39,322 - passlib.handlers.bcrypt - DEBUG - detected 'bcrypt' backend, version '<unknown>'
2024-09-04 00:07:39,323 - passlib.handlers.bcrypt - DEBUG - 'bcrypt' backend lacks $2$ support, enabling workaround
2024-09-04 00:13:44,352 - passlib.utils.compat - DEBUG - loaded lazy attr 'SafeConfigParser': <class 'configparser.ConfigParser'>
2024-09-04 00:13:44,352 - passlib.utils.compat - DEBUG - loaded lazy attr 'NativeStringIO': <class '_io.StringIO'>
2024-09-04 00:13:44,352 - passlib.utils.compat - DEBUG - loaded lazy attr 'BytesIO': <class '_io.BytesIO'>
2024-09-04 00:13:44,356 - passlib.registry - DEBUG - registered 'bcrypt' handler: <class 'passlib.handlers.bcrypt.bcrypt'>
2024-09-04 00:14:19,812 - passlib.utils.compat - DEBUG - loaded lazy attr 'SafeConfigParser': <class 'configparser.ConfigParser'>
2024-09-04 00:14:19,813 - passlib.utils.compat - DEBUG - loaded lazy attr 'NativeStringIO': <class '_io.StringIO'>
2024-09-04 00:14:19,813 - passlib.utils.compat - DEBUG - loaded lazy attr 'BytesIO': <class '_io.BytesIO'>
2024-09-04 00:14:19,815 - passlib.registry - DEBUG - registered 'bcrypt' handler: <class 'passlib.handlers.bcrypt.bcrypt'>
2024-09-04 00:14:21,251 - passlib.utils.compat - DEBUG - loaded lazy attr 'SafeConfigParser': <class 'configparser.ConfigParser'>
2024-09-04 00:14:21,251 - passlib.utils.compat - DEBUG - loaded lazy attr 'NativeStringIO': <class '_io.StringIO'>
2024-09-04 00:14:21,251 - passlib.utils.compat - DEBUG - loaded lazy attr 'BytesIO': <class '_io.BytesIO'>
2024-09-04 00:14:21,254 - passlib.registry - DEBUG - registered 'bcrypt' handler: <class 'passlib.handlers.bcrypt.bcrypt'>
2024-09-04 00:15:33,219 - passlib.utils.compat - DEBUG - loaded lazy attr 'SafeConfigParser': <class 'configparser.ConfigParser'>
2024-09-04 00:15:33,219 - passlib.utils.compat - DEBUG - loaded lazy attr 'NativeStringIO': <class '_io.StringIO'>
2024-09-04 00:15:33,220 - passlib.utils.compat - DEBUG - loaded lazy attr 'BytesIO': <class '_io.BytesIO'>
2024-09-04 00:15:33,227 - passlib.registry - DEBUG - registered 'bcrypt' handler: <class 'passlib.handlers.bcrypt.bcrypt'>
2024-09-04 00:15:47,730 - passlib.utils.compat - DEBUG - loaded lazy attr 'SafeConfigParser': <class 'configparser.ConfigParser'>
2024-09-04 00:15:47,731 - passlib.utils.compat - DEBUG - loaded lazy attr 'NativeStringIO': <class '_io.StringIO'>
2024-09-04 00:15:47,731 - passlib.utils.compat - DEBUG - loaded lazy attr 'BytesIO': <class '_io.BytesIO'>
2024-09-04 00:15:47,733 - passlib.registry - DEBUG - registered 'bcrypt' handler: <class 'passlib.handlers.bcrypt.bcrypt'>
2024-09-04 00:15:57,799 - passlib.utils.compat - DEBUG - loaded lazy attr 'SafeConfigParser': <class 'configparser.ConfigParser'>
2024-09-04 00:15:57,799 - passlib.utils.compat - DEBUG - loaded lazy attr 'NativeStringIO': <class '_io.StringIO'>
2024-09-04 00:15:57,799 - passlib.utils.compat - DEBUG - loaded lazy attr 'BytesIO': <class '_io.BytesIO'>
2024-09-04 00:15:57,802 - passlib.registry - DEBUG - registered 'bcrypt' handler: <class 'passlib.handlers.bcrypt.bcrypt'>
2024-09-04 00:16:18,550 - passlib.handlers.bcrypt - WARNING - (trapped) error reading bcrypt version
Traceback (most recent call last):
  File "C:\Users\seung\Documents\GitHub\PythonAPIcourse\venv\Lib\site-packages\passlib\handlers\bcrypt.py", line 620, in _load_backend_mixin
    version = _bcrypt.__about__.__version__
              ^^^^^^^^^^^^^^^^^
AttributeError: module 'bcrypt' has no attribute '__about__'
2024-09-04 00:16:18,551 - passlib.handlers.bcrypt - DEBUG - detected 'bcrypt' backend, version '<unknown>'
2024-09-04 00:16:18,552 - passlib.handlers.bcrypt - DEBUG - 'bcrypt' backend lacks $2$ support, enabling workaround
2024-09-04 00:17:53,005 - passlib.utils.compat - DEBUG - loaded lazy attr 'SafeConfigParser': <class 'configparser.ConfigParser'>
2024-09-04 00:17:53,006 - passlib.utils.compat - DEBUG - loaded lazy attr 'NativeStringIO': <class '_io.StringIO'>
2024-09-04 00:17:53,006 - passlib.utils.compat - DEBUG - loaded lazy attr 'BytesIO': <class '_io.BytesIO'>
2024-09-04 00:17:53,008 - passlib.registry - DEBUG - registered 'bcrypt' handler: <class 'passlib.handlers.bcrypt.bcrypt'>
2024-09-04 00:18:06,942 - passlib.utils.compat - DEBUG - loaded lazy attr 'SafeConfigParser': <class 'configparser.ConfigParser'>
2024-09-04 00:18:06,942 - passlib.utils.compat - DEBUG - loaded lazy attr 'NativeStringIO': <class '_io.StringIO'>
2024-09-04 00:18:06,943 - passlib.utils.compat - DEBUG - loaded lazy attr 'BytesIO': <class '_io.BytesIO'>
2024-09-04 00:18:06,945 - passlib.registry - DEBUG - registered 'bcrypt' handler: <class 'passlib.handlers.bcrypt.bcrypt'>
2024-09-04 00:18:09,941 - passlib.utils.compat - DEBUG - loaded lazy attr 'SafeConfigParser': <class 'configparser.ConfigParser'>
2024-09-04 00:18:09,941 - passlib.utils.compat - DEBUG - loaded lazy attr 'NativeStringIO': <class '_io.StringIO'>
2024-09-04 00:18:09,942 - passlib.utils.compat - DEBUG - loaded lazy attr 'BytesIO': <class '_io.BytesIO'>
2024-09-04 00:18:09,945 - passlib.registry - DEBUG - registered 'bcrypt' handler: <class 'passlib.handlers.bcrypt.bcrypt'>
2024-09-04 00:18:32,904 - passlib.utils.compat - DEBUG - loaded lazy attr 'SafeConfigParser': <class 'configparser.ConfigParser'>
2024-09-04 00:18:32,904 - passlib.utils.compat - DEBUG - loaded lazy attr 'NativeStringIO': <class '_io.StringIO'>
2024-09-04 00:18:32,905 - passlib.utils.compat - DEBUG - loaded lazy attr 'BytesIO': <class '_io.BytesIO'>
2024-09-04 00:18:32,908 - passlib.registry - DEBUG - registered 'bcrypt' handler: <class 'passlib.handlers.bcrypt.bcrypt'>
2024-09-04 00:26:15,388 - passlib.utils.compat - DEBUG - loaded lazy attr 'SafeConfigParser': <class 'configparser.ConfigParser'>
2024-09-04 00:26:15,388 - passlib.utils.compat - DEBUG - loaded lazy attr 'NativeStringIO': <class '_io.StringIO'>
2024-09-04 00:26:15,389 - passlib.utils.compat - DEBUG - loaded lazy attr 'BytesIO': <class '_io.BytesIO'>
2024-09-04 00:26:15,391 - passlib.registry - DEBUG - registered 'bcrypt' handler: <class 'passlib.handlers.bcrypt.bcrypt'>
2024-09-04 23:31:51,854 - passlib.utils.compat - DEBUG - loaded lazy attr 'SafeConfigParser': <class 'configparser.ConfigParser'>
2024-09-04 23:31:51,856 - passlib.utils.compat - DEBUG - loaded lazy attr 'NativeStringIO': <class '_io.StringIO'>
2024-09-04 23:31:51,856 - passlib.utils.compat - DEBUG - loaded lazy attr 'BytesIO': <class '_io.BytesIO'>
2024-09-04 23:31:51,858 - passlib.registry - DEBUG - registered 'bcrypt' handler: <class 'passlib.handlers.bcrypt.bcrypt'>
2024-09-04 23:32:54,657 - passlib.utils.compat - DEBUG - loaded lazy attr 'SafeConfigParser': <class 'configparser.ConfigParser'>
2024-09-04 23:32:54,658 - passlib.utils.compat - DEBUG - loaded lazy attr 'NativeStringIO': <class '_io.StringIO'>
2024-09-04 23:32:54,658 - passlib.utils.compat - DEBUG - loaded lazy attr 'BytesIO': <class '_io.BytesIO'>
2024-09-04 23:32:54,661 - passlib.registry - DEBUG - registered 'bcrypt' handler: <class 'passlib.handlers.bcrypt.bcrypt'>
2024-09-04 23:32:57,746 - passlib.utils.compat - DEBUG - loaded lazy attr 'SafeConfigParser': <class 'configparser.ConfigParser'>
2024-09-04 23:32:57,747 - passlib.utils.compat - DEBUG - loaded lazy attr 'NativeStringIO': <class '_io.StringIO'>
2024-09-04 23:32:57,747 - passlib.utils.compat - DEBUG - loaded lazy attr 'BytesIO': <class '_io.BytesIO'>
2024-09-04 23:32:57,749 - passlib.registry - DEBUG - registered 'bcrypt' handler: <class 'passlib.handlers.bcrypt.bcrypt'>
2024-09-04 23:33:53,707 - passlib.handlers.bcrypt - WARNING - (trapped) error reading bcrypt version
Traceback (most recent call last):
  File "C:\Users\seung\Documents\GitHub\PythonAPIcourse\venv\Lib\site-packages\passlib\handlers\bcrypt.py", line 620, in _load_backend_mixin
    version = _bcrypt.__about__.__version__
              ^^^^^^^^^^^^^^^^^
AttributeError: module 'bcrypt' has no attribute '__about__'
2024-09-04 23:33:53,715 - passlib.handlers.bcrypt - DEBUG - detected 'bcrypt' backend, version '<unknown>'
2024-09-04 23:33:53,716 - passlib.handlers.bcrypt - DEBUG - 'bcrypt' backend lacks $2$ support, enabling workaround
2024-09-04 23:40:27,530 - passlib.utils.compat - DEBUG - loaded lazy attr 'SafeConfigParser': <class 'configparser.ConfigParser'>
2024-09-04 23:40:27,531 - passlib.utils.compat - DEBUG - loaded lazy attr 'NativeStringIO': <class '_io.StringIO'>
2024-09-04 23:40:27,531 - passlib.utils.compat - DEBUG - loaded lazy attr 'BytesIO': <class '_io.BytesIO'>
2024-09-04 23:40:27,535 - passlib.registry - DEBUG - registered 'bcrypt' handler: <class 'passlib.handlers.bcrypt.bcrypt'>
2024-09-04 23:40:29,513 - passlib.handlers.bcrypt - WARNING - (trapped) error reading bcrypt version
Traceback (most recent call last):
  File "C:\Users\seung\Documents\GitHub\PythonAPIcourse\venv\Lib\site-packages\passlib\handlers\bcrypt.py", line 620, in _load_backend_mixin
    version = _bcrypt.__about__.__version__
              ^^^^^^^^^^^^^^^^^
AttributeError: module 'bcrypt' has no attribute '__about__'
2024-09-04 23:40:29,514 - passlib.handlers.bcrypt - DEBUG - detected 'bcrypt' backend, version '<unknown>'
2024-09-04 23:40:29,514 - passlib.handlers.bcrypt - DEBUG - 'bcrypt' backend lacks $2$ support, enabling workaround
2024-09-04 23:41:34,268 - passlib.utils.compat - DEBUG - loaded lazy attr 'SafeConfigParser': <class 'configparser.ConfigParser'>
2024-09-04 23:41:34,268 - passlib.utils.compat - DEBUG - loaded lazy attr 'NativeStringIO': <class '_io.StringIO'>
2024-09-04 23:41:34,268 - passlib.utils.compat - DEBUG - loaded lazy attr 'BytesIO': <class '_io.BytesIO'>
2024-09-04 23:41:34,272 - passlib.registry - DEBUG - registered 'bcrypt' handler: <class 'passlib.handlers.bcrypt.bcrypt'>
2024-09-04 23:41:35,211 - passlib.utils.compat - DEBUG - loaded lazy attr 'SafeConfigParser': <class 'configparser.ConfigParser'>
2024-09-04 23:41:35,213 - passlib.utils.compat - DEBUG - loaded lazy attr 'NativeStringIO': <class '_io.StringIO'>
2024-09-04 23:41:35,213 - passlib.utils.compat - DEBUG - loaded lazy attr 'BytesIO': <class '_io.BytesIO'>
2024-09-04 23:41:35,216 - passlib.registry - DEBUG - registered 'bcrypt' handler: <class 'passlib.handlers.bcrypt.bcrypt'>
2024-09-04 23:41:36,757 - passlib.utils.compat - DEBUG - loaded lazy attr 'SafeConfigParser': <class 'configparser.ConfigParser'>
2024-09-04 23:41:36,757 - passlib.utils.compat - DEBUG - loaded lazy attr 'NativeStringIO': <class '_io.StringIO'>
2024-09-04 23:41:36,758 - passlib.utils.compat - DEBUG - loaded lazy attr 'BytesIO': <class '_io.BytesIO'>
2024-09-04 23:41:36,761 - passlib.registry - DEBUG - registered 'bcrypt' handler: <class 'passlib.handlers.bcrypt.bcrypt'>
2024-09-04 23:42:03,978 - passlib.utils.compat - DEBUG - loaded lazy attr 'SafeConfigParser': <class 'configparser.ConfigParser'>
2024-09-04 23:42:03,979 - passlib.utils.compat - DEBUG - loaded lazy attr 'NativeStringIO': <class '_io.StringIO'>
2024-09-04 23:42:03,979 - passlib.utils.compat - DEBUG - loaded lazy attr 'BytesIO': <class '_io.BytesIO'>
2024-09-04 23:42:03,982 - passlib.registry - DEBUG - registered 'bcrypt' handler: <class 'passlib.handlers.bcrypt.bcrypt'>
2024-09-04 23:51:17,483 - passlib.utils.compat - DEBUG - loaded lazy attr 'SafeConfigParser': <class 'configparser.ConfigParser'>
2024-09-04 23:51:17,483 - passlib.utils.compat - DEBUG - loaded lazy attr 'NativeStringIO': <class '_io.StringIO'>
2024-09-04 23:51:17,483 - passlib.utils.compat - DEBUG - loaded lazy attr 'BytesIO': <class '_io.BytesIO'>
2024-09-04 23:51:17,487 - passlib.registry - DEBUG - registered 'bcrypt' handler: <class 'passlib.handlers.bcrypt.bcrypt'>
2024-09-04 23:54:17,813 - passlib.utils.compat - DEBUG - loaded lazy attr 'SafeConfigParser': <class 'configparser.ConfigParser'>
2024-09-04 23:54:17,813 - passlib.utils.compat - DEBUG - loaded lazy attr 'NativeStringIO': <class '_io.StringIO'>
2024-09-04 23:54:17,813 - passlib.utils.compat - DEBUG - loaded lazy attr 'BytesIO': <class '_io.BytesIO'>
2024-09-04 23:54:17,816 - passlib.registry - DEBUG - registered 'bcrypt' handler: <class 'passlib.handlers.bcrypt.bcrypt'>
2024-09-04 23:54:25,489 - passlib.utils.compat - DEBUG - loaded lazy attr 'SafeConfigParser': <class 'configparser.ConfigParser'>
2024-09-04 23:54:25,490 - passlib.utils.compat - DEBUG - loaded lazy attr 'NativeStringIO': <class '_io.StringIO'>
2024-09-04 23:54:25,490 - passlib.utils.compat - DEBUG - loaded lazy attr 'BytesIO': <class '_io.BytesIO'>
2024-09-04 23:54:25,493 - passlib.registry - DEBUG - registered 'bcrypt' handler: <class 'passlib.handlers.bcrypt.bcrypt'>
2024-09-04 23:54:27,865 - passlib.handlers.bcrypt - WARNING - (trapped) error reading bcrypt version
Traceback (most recent call last):
  File "C:\Users\seung\Documents\GitHub\PythonAPIcourse\venv\Lib\site-packages\passlib\handlers\bcrypt.py", line 620, in _load_backend_mixin
    version = _bcrypt.__about__.__version__
              ^^^^^^^^^^^^^^^^^
AttributeError: module 'bcrypt' has no attribute '__about__'
2024-09-04 23:54:27,867 - passlib.handlers.bcrypt - DEBUG - detected 'bcrypt' backend, version '<unknown>'
2024-09-04 23:54:27,867 - passlib.handlers.bcrypt - DEBUG - 'bcrypt' backend lacks $2$ support, enabling workaround
2024-09-04 23:57:50,607 - passlib.utils.compat - DEBUG - loaded lazy attr 'SafeConfigParser': <class 'configparser.ConfigParser'>
2024-09-04 23:57:50,607 - passlib.utils.compat - DEBUG - loaded lazy attr 'NativeStringIO': <class '_io.StringIO'>
2024-09-04 23:57:50,608 - passlib.utils.compat - DEBUG - loaded lazy attr 'BytesIO': <class '_io.BytesIO'>
2024-09-04 23:57:50,610 - passlib.registry - DEBUG - registered 'bcrypt' handler: <class 'passlib.handlers.bcrypt.bcrypt'>
2024-09-04 23:58:31,300 - multipart.multipart - DEBUG - Calling on_part_begin with no data
2024-09-04 23:58:31,301 - multipart.multipart - DEBUG - Calling on_header_field with data[54:73]
2024-09-04 23:58:31,301 - multipart.multipart - DEBUG - Calling on_header_value with data[75:101]
2024-09-04 23:58:31,301 - multipart.multipart - DEBUG - Calling on_header_end with no data
2024-09-04 23:58:31,303 - multipart.multipart - DEBUG - Calling on_headers_finished with no data
2024-09-04 23:58:31,303 - multipart.multipart - DEBUG - Calling on_part_data with data[105:118]
2024-09-04 23:58:31,303 - multipart.multipart - DEBUG - Calling on_part_end with no data
2024-09-04 23:58:31,303 - multipart.multipart - DEBUG - Calling on_part_begin with no data
2024-09-04 23:58:31,303 - multipart.multipart - DEBUG - Calling on_header_field with data[174:193]
2024-09-04 23:58:31,303 - multipart.multipart - DEBUG - Calling on_header_value with data[195:221]
2024-09-04 23:58:31,304 - multipart.multipart - DEBUG - Calling on_header_end with no data
2024-09-04 23:58:31,304 - multipart.multipart - DEBUG - Calling on_headers_finished with no data
2024-09-04 23:58:31,304 - multipart.multipart - DEBUG - Calling on_part_data with data[225:229]
2024-09-04 23:58:31,304 - multipart.multipart - DEBUG - Calling on_part_end with no data
2024-09-04 23:58:31,304 - multipart.multipart - DEBUG - Calling on_end with no data
2024-09-04 23:58:31,313 - passlib.handlers.bcrypt - WARNING - (trapped) error reading bcrypt version
Traceback (most recent call last):
  File "C:\Users\seung\Documents\GitHub\PythonAPIcourse\venv\Lib\site-packages\passlib\handlers\bcrypt.py", line 620, in _load_backend_mixin
    version = _bcrypt.__about__.__version__
              ^^^^^^^^^^^^^^^^^
AttributeError: module 'bcrypt' has no attribute '__about__'
2024-09-04 23:58:31,314 - passlib.handlers.bcrypt - DEBUG - detected 'bcrypt' backend, version '<unknown>'
2024-09-04 23:58:31,315 - passlib.handlers.bcrypt - DEBUG - 'bcrypt' backend lacks $2$ support, enabling workaround
2024-09-04 23:58:33,776 - multipart.multipart - DEBUG - Calling on_part_begin with no data
2024-09-04 23:58:33,777 - multipart.multipart - DEBUG - Calling on_header_field with data[54:73]
2024-09-04 23:58:33,777 - multipart.multipart - DEBUG - Calling on_header_value with data[75:101]
2024-09-04 23:58:33,777 - multipart.multipart - DEBUG - Calling on_header_end with no data
2024-09-04 23:58:33,777 - multipart.multipart - DEBUG - Calling on_headers_finished with no data
2024-09-04 23:58:33,777 - multipart.multipart - DEBUG - Calling on_part_data with data[105:118]
2024-09-04 23:58:33,777 - multipart.multipart - DEBUG - Calling on_part_end with no data
2024-09-04 23:58:33,777 - multipart.multipart - DEBUG - Calling on_part_begin with no data
2024-09-04 23:58:33,778 - multipart.multipart - DEBUG - Calling on_header_field with data[174:193]
2024-09-04 23:58:33,778 - multipart.multipart - DEBUG - Calling on_header_value with data[195:221]
2024-09-04 23:58:33,778 - multipart.multipart - DEBUG - Calling on_header_end with no data
2024-09-04 23:58:33,778 - multipart.multipart - DEBUG - Calling on_headers_finished with no data
2024-09-04 23:58:33,779 - multipart.multipart - DEBUG - Calling on_part_data with data[225:229]
2024-09-04 23:58:33,779 - multipart.multipart - DEBUG - Calling on_part_end with no data
2024-09-04 23:58:33,779 - multipart.multipart - DEBUG - Calling on_end with no data
2024-09-04 23:58:34,818 - multipart.multipart - DEBUG - Calling on_part_begin with no data
2024-09-04 23:58:34,819 - multipart.multipart - DEBUG - Calling on_header_field with data[54:73]
2024-09-04 23:58:34,819 - multipart.multipart - DEBUG - Calling on_header_value with data[75:101]
2024-09-04 23:58:34,819 - multipart.multipart - DEBUG - Calling on_header_end with no data
2024-09-04 23:58:34,819 - multipart.multipart - DEBUG - Calling on_headers_finished with no data
2024-09-04 23:58:34,819 - multipart.multipart - DEBUG - Calling on_part_data with data[105:118]
2024-09-04 23:58:34,820 - multipart.multipart - DEBUG - Calling on_part_end with no data
2024-09-04 23:58:34,820 - multipart.multipart - DEBUG - Calling on_part_begin with no data
2024-09-04 23:58:34,820 - multipart.multipart - DEBUG - Calling on_header_field with data[174:193]
2024-09-04 23:58:34,820 - multipart.multipart - DEBUG - Calling on_header_value with data[195:221]
2024-09-04 23:58:34,820 - multipart.multipart - DEBUG - Calling on_header_end with no data
2024-09-04 23:58:34,821 - multipart.multipart - DEBUG - Calling on_headers_finished with no data
2024-09-04 23:58:34,821 - multipart.multipart - DEBUG - Calling on_part_data with data[225:229]
2024-09-04 23:58:34,821 - multipart.multipart - DEBUG - Calling on_part_end with no data
2024-09-04 23:58:34,821 - multipart.multipart - DEBUG - Calling on_end with no data
2024-09-05 00:01:04,864 - passlib.utils.compat - DEBUG - loaded lazy attr 'SafeConfigParser': <class 'configparser.ConfigParser'>
2024-09-05 00:01:04,864 - passlib.utils.compat - DEBUG - loaded lazy attr 'NativeStringIO': <class '_io.StringIO'>
2024-09-05 00:01:04,864 - passlib.utils.compat - DEBUG - loaded lazy attr 'BytesIO': <class '_io.BytesIO'>
2024-09-05 00:01:04,867 - passlib.registry - DEBUG - registered 'bcrypt' handler: <class 'passlib.handlers.bcrypt.bcrypt'>
2024-09-05 00:01:13,499 - passlib.utils.compat - DEBUG - loaded lazy attr 'SafeConfigParser': <class 'configparser.ConfigParser'>
2024-09-05 00:01:13,499 - passlib.utils.compat - DEBUG - loaded lazy attr 'NativeStringIO': <class '_io.StringIO'>
2024-09-05 00:01:13,499 - passlib.utils.compat - DEBUG - loaded lazy attr 'BytesIO': <class '_io.BytesIO'>
2024-09-05 00:01:13,502 - passlib.registry - DEBUG - registered 'bcrypt' handler: <class 'passlib.handlers.bcrypt.bcrypt'>
2024-09-05 00:03:34,919 - passlib.utils.compat - DEBUG - loaded lazy attr 'SafeConfigParser': <class 'configparser.ConfigParser'>
2024-09-05 00:03:34,919 - passlib.utils.compat - DEBUG - loaded lazy attr 'NativeStringIO': <class '_io.StringIO'>
2024-09-05 00:03:34,920 - passlib.utils.compat - DEBUG - loaded lazy attr 'BytesIO': <class '_io.BytesIO'>
2024-09-05 00:03:34,923 - passlib.registry - DEBUG - registered 'bcrypt' handler: <class 'passlib.handlers.bcrypt.bcrypt'>
2024-09-05 00:03:48,130 - passlib.utils.compat - DEBUG - loaded lazy attr 'SafeConfigParser': <class 'configparser.ConfigParser'>
2024-09-05 00:03:48,130 - passlib.utils.compat - DEBUG - loaded lazy attr 'NativeStringIO': <class '_io.StringIO'>
2024-09-05 00:03:48,130 - passlib.utils.compat - DEBUG - loaded lazy attr 'BytesIO': <class '_io.BytesIO'>
2024-09-05 00:03:48,133 - passlib.registry - DEBUG - registered 'bcrypt' handler: <class 'passlib.handlers.bcrypt.bcrypt'>
2024-09-05 00:04:25,532 - passlib.utils.compat - DEBUG - loaded lazy attr 'SafeConfigParser': <class 'configparser.ConfigParser'>
2024-09-05 00:04:25,532 - passlib.utils.compat - DEBUG - loaded lazy attr 'NativeStringIO': <class '_io.StringIO'>
2024-09-05 00:04:25,533 - passlib.utils.compat - DEBUG - loaded lazy attr 'BytesIO': <class '_io.BytesIO'>
2024-09-05 00:04:25,535 - passlib.registry - DEBUG - registered 'bcrypt' handler: <class 'passlib.handlers.bcrypt.bcrypt'>
2024-09-05 00:06:16,021 - passlib.utils.compat - DEBUG - loaded lazy attr 'SafeConfigParser': <class 'configparser.ConfigParser'>
2024-09-05 00:06:16,023 - passlib.utils.compat - DEBUG - loaded lazy attr 'NativeStringIO': <class '_io.StringIO'>
2024-09-05 00:06:16,023 - passlib.utils.compat - DEBUG - loaded lazy attr 'BytesIO': <class '_io.BytesIO'>
2024-09-05 00:06:16,026 - passlib.registry - DEBUG - registered 'bcrypt' handler: <class 'passlib.handlers.bcrypt.bcrypt'>
2024-09-05 00:07:12,542 - passlib.utils.compat - DEBUG - loaded lazy attr 'SafeConfigParser': <class 'configparser.ConfigParser'>
2024-09-05 00:07:12,542 - passlib.utils.compat - DEBUG - loaded lazy attr 'NativeStringIO': <class '_io.StringIO'>
2024-09-05 00:07:12,542 - passlib.utils.compat - DEBUG - loaded lazy attr 'BytesIO': <class '_io.BytesIO'>
2024-09-05 00:07:12,546 - passlib.registry - DEBUG - registered 'bcrypt' handler: <class 'passlib.handlers.bcrypt.bcrypt'>
2024-09-05 00:25:46,661 - passlib.utils.compat - DEBUG - loaded lazy attr 'SafeConfigParser': <class 'configparser.ConfigParser'>
2024-09-05 00:25:46,661 - passlib.utils.compat - DEBUG - loaded lazy attr 'NativeStringIO': <class '_io.StringIO'>
2024-09-05 00:25:46,661 - passlib.utils.compat - DEBUG - loaded lazy attr 'BytesIO': <class '_io.BytesIO'>
2024-09-05 00:25:46,664 - passlib.registry - DEBUG - registered 'bcrypt' handler: <class 'passlib.handlers.bcrypt.bcrypt'>
2024-09-05 00:27:49,354 - passlib.utils.compat - DEBUG - loaded lazy attr 'SafeConfigParser': <class 'configparser.ConfigParser'>
2024-09-05 00:27:49,354 - passlib.utils.compat - DEBUG - loaded lazy attr 'NativeStringIO': <class '_io.StringIO'>
2024-09-05 00:27:49,354 - passlib.utils.compat - DEBUG - loaded lazy attr 'BytesIO': <class '_io.BytesIO'>
2024-09-05 00:27:49,357 - passlib.registry - DEBUG - registered 'bcrypt' handler: <class 'passlib.handlers.bcrypt.bcrypt'>
2024-09-05 00:27:57,058 - passlib.utils.compat - DEBUG - loaded lazy attr 'SafeConfigParser': <class 'configparser.ConfigParser'>
2024-09-05 00:27:57,058 - passlib.utils.compat - DEBUG - loaded lazy attr 'NativeStringIO': <class '_io.StringIO'>
2024-09-05 00:27:57,058 - passlib.utils.compat - DEBUG - loaded lazy attr 'BytesIO': <class '_io.BytesIO'>
2024-09-05 00:27:57,061 - passlib.registry - DEBUG - registered 'bcrypt' handler: <class 'passlib.handlers.bcrypt.bcrypt'>
2024-09-05 00:28:01,632 - passlib.utils.compat - DEBUG - loaded lazy attr 'SafeConfigParser': <class 'configparser.ConfigParser'>
2024-09-05 00:28:01,632 - passlib.utils.compat - DEBUG - loaded lazy attr 'NativeStringIO': <class '_io.StringIO'>
2024-09-05 00:28:01,632 - passlib.utils.compat - DEBUG - loaded lazy attr 'BytesIO': <class '_io.BytesIO'>
2024-09-05 00:28:01,635 - passlib.registry - DEBUG - registered 'bcrypt' handler: <class 'passlib.handlers.bcrypt.bcrypt'>
2024-09-05 00:28:03,058 - passlib.utils.compat - DEBUG - loaded lazy attr 'SafeConfigParser': <class 'configparser.ConfigParser'>
2024-09-05 00:28:03,059 - passlib.utils.compat - DEBUG - loaded lazy attr 'NativeStringIO': <class '_io.StringIO'>
2024-09-05 00:28:03,059 - passlib.utils.compat - DEBUG - loaded lazy attr 'BytesIO': <class '_io.BytesIO'>
2024-09-05 00:28:03,062 - passlib.registry - DEBUG - registered 'bcrypt' handler: <class 'passlib.handlers.bcrypt.bcrypt'>
2024-09-05 00:28:21,069 - passlib.utils.compat - DEBUG - loaded lazy attr 'SafeConfigParser': <class 'configparser.ConfigParser'>
2024-09-05 00:28:21,070 - passlib.utils.compat - DEBUG - loaded lazy attr 'NativeStringIO': <class '_io.StringIO'>
2024-09-05 00:28:21,070 - passlib.utils.compat - DEBUG - loaded lazy attr 'BytesIO': <class '_io.BytesIO'>
2024-09-05 00:28:21,072 - passlib.registry - DEBUG - registered 'bcrypt' handler: <class 'passlib.handlers.bcrypt.bcrypt'>
2024-09-05 00:29:27,496 - passlib.utils.compat - DEBUG - loaded lazy attr 'SafeConfigParser': <class 'configparser.ConfigParser'>
2024-09-05 00:29:27,497 - passlib.utils.compat - DEBUG - loaded lazy attr 'NativeStringIO': <class '_io.StringIO'>
2024-09-05 00:29:27,497 - passlib.utils.compat - DEBUG - loaded lazy attr 'BytesIO': <class '_io.BytesIO'>
2024-09-05 00:29:27,500 - passlib.registry - DEBUG - registered 'bcrypt' handler: <class 'passlib.handlers.bcrypt.bcrypt'>
2024-09-05 00:29:46,047 - passlib.utils.compat - DEBUG - loaded lazy attr 'SafeConfigParser': <class 'configparser.ConfigParser'>
2024-09-05 00:29:46,048 - passlib.utils.compat - DEBUG - loaded lazy attr 'NativeStringIO': <class '_io.StringIO'>
2024-09-05 00:29:46,048 - passlib.utils.compat - DEBUG - loaded lazy attr 'BytesIO': <class '_io.BytesIO'>
2024-09-05 00:29:46,051 - passlib.registry - DEBUG - registered 'bcrypt' handler: <class 'passlib.handlers.bcrypt.bcrypt'>
2024-09-05 00:30:55,552 - passlib.utils.compat - DEBUG - loaded lazy attr 'SafeConfigParser': <class 'configparser.ConfigParser'>
2024-09-05 00:30:55,552 - passlib.utils.compat - DEBUG - loaded lazy attr 'NativeStringIO': <class '_io.StringIO'>
2024-09-05 00:30:55,552 - passlib.utils.compat - DEBUG - loaded lazy attr 'BytesIO': <class '_io.BytesIO'>
2024-09-05 00:30:55,555 - passlib.registry - DEBUG - registered 'bcrypt' handler: <class 'passlib.handlers.bcrypt.bcrypt'>
2024-09-05 00:36:26,918 - passlib.utils.compat - DEBUG - loaded lazy attr 'SafeConfigParser': <class 'configparser.ConfigParser'>
2024-09-05 00:36:26,918 - passlib.utils.compat - DEBUG - loaded lazy attr 'NativeStringIO': <class '_io.StringIO'>
2024-09-05 00:36:26,919 - passlib.utils.compat - DEBUG - loaded lazy attr 'BytesIO': <class '_io.BytesIO'>
2024-09-05 00:36:26,921 - passlib.registry - DEBUG - registered 'bcrypt' handler: <class 'passlib.handlers.bcrypt.bcrypt'>
2024-09-05 00:38:51,392 - passlib.utils.compat - DEBUG - loaded lazy attr 'SafeConfigParser': <class 'configparser.ConfigParser'>
2024-09-05 00:38:51,392 - passlib.utils.compat - DEBUG - loaded lazy attr 'NativeStringIO': <class '_io.StringIO'>
2024-09-05 00:38:51,393 - passlib.utils.compat - DEBUG - loaded lazy attr 'BytesIO': <class '_io.BytesIO'>
2024-09-05 00:38:51,395 - passlib.registry - DEBUG - registered 'bcrypt' handler: <class 'passlib.handlers.bcrypt.bcrypt'>
2024-09-05 00:39:17,317 - passlib.utils.compat - DEBUG - loaded lazy attr 'SafeConfigParser': <class 'configparser.ConfigParser'>
2024-09-05 00:39:17,317 - passlib.utils.compat - DEBUG - loaded lazy attr 'NativeStringIO': <class '_io.StringIO'>
2024-09-05 00:39:17,318 - passlib.utils.compat - DEBUG - loaded lazy attr 'BytesIO': <class '_io.BytesIO'>
2024-09-05 00:39:17,321 - passlib.registry - DEBUG - registered 'bcrypt' handler: <class 'passlib.handlers.bcrypt.bcrypt'>
2024-09-05 00:39:55,190 - passlib.utils.compat - DEBUG - loaded lazy attr 'SafeConfigParser': <class 'configparser.ConfigParser'>
2024-09-05 00:39:55,190 - passlib.utils.compat - DEBUG - loaded lazy attr 'NativeStringIO': <class '_io.StringIO'>
2024-09-05 00:39:55,190 - passlib.utils.compat - DEBUG - loaded lazy attr 'BytesIO': <class '_io.BytesIO'>
2024-09-05 00:39:55,195 - passlib.registry - DEBUG - registered 'bcrypt' handler: <class 'passlib.handlers.bcrypt.bcrypt'>
2024-09-05 00:39:59,310 - passlib.utils.compat - DEBUG - loaded lazy attr 'SafeConfigParser': <class 'configparser.ConfigParser'>
2024-09-05 00:39:59,310 - passlib.utils.compat - DEBUG - loaded lazy attr 'NativeStringIO': <class '_io.StringIO'>
2024-09-05 00:39:59,310 - passlib.utils.compat - DEBUG - loaded lazy attr 'BytesIO': <class '_io.BytesIO'>
2024-09-05 00:39:59,316 - passlib.registry - DEBUG - registered 'bcrypt' handler: <class 'passlib.handlers.bcrypt.bcrypt'>
2024-09-05 00:40:34,011 - passlib.utils.compat - DEBUG - loaded lazy attr 'SafeConfigParser': <class 'configparser.ConfigParser'>
2024-09-05 00:40:34,011 - passlib.utils.compat - DEBUG - loaded lazy attr 'NativeStringIO': <class '_io.StringIO'>
2024-09-05 00:40:34,012 - passlib.utils.compat - DEBUG - loaded lazy attr 'BytesIO': <class '_io.BytesIO'>
2024-09-05 00:40:34,015 - passlib.registry - DEBUG - registered 'bcrypt' handler: <class 'passlib.handlers.bcrypt.bcrypt'>
2024-09-05 00:41:03,670 - passlib.utils.compat - DEBUG - loaded lazy attr 'SafeConfigParser': <class 'configparser.ConfigParser'>
2024-09-05 00:41:03,671 - passlib.utils.compat - DEBUG - loaded lazy attr 'NativeStringIO': <class '_io.StringIO'>
2024-09-05 00:41:03,671 - passlib.utils.compat - DEBUG - loaded lazy attr 'BytesIO': <class '_io.BytesIO'>
2024-09-05 00:41:03,674 - passlib.registry - DEBUG - registered 'bcrypt' handler: <class 'passlib.handlers.bcrypt.bcrypt'>
2024-09-05 00:41:13,649 - passlib.utils.compat - DEBUG - loaded lazy attr 'SafeConfigParser': <class 'configparser.ConfigParser'>
2024-09-05 00:41:13,649 - passlib.utils.compat - DEBUG - loaded lazy attr 'NativeStringIO': <class '_io.StringIO'>
2024-09-05 00:41:13,649 - passlib.utils.compat - DEBUG - loaded lazy attr 'BytesIO': <class '_io.BytesIO'>
2024-09-05 00:41:13,652 - passlib.registry - DEBUG - registered 'bcrypt' handler: <class 'passlib.handlers.bcrypt.bcrypt'>
2024-09-05 00:42:13,326 - passlib.utils.compat - DEBUG - loaded lazy attr 'SafeConfigParser': <class 'configparser.ConfigParser'>
2024-09-05 00:42:13,327 - passlib.utils.compat - DEBUG - loaded lazy attr 'NativeStringIO': <class '_io.StringIO'>
2024-09-05 00:42:13,327 - passlib.utils.compat - DEBUG - loaded lazy attr 'BytesIO': <class '_io.BytesIO'>
2024-09-05 00:42:13,330 - passlib.registry - DEBUG - registered 'bcrypt' handler: <class 'passlib.handlers.bcrypt.bcrypt'>
2024-09-05 00:43:00,690 - passlib.utils.compat - DEBUG - loaded lazy attr 'SafeConfigParser': <class 'configparser.ConfigParser'>
2024-09-05 00:43:00,692 - passlib.utils.compat - DEBUG - loaded lazy attr 'NativeStringIO': <class '_io.StringIO'>
2024-09-05 00:43:00,692 - passlib.utils.compat - DEBUG - loaded lazy attr 'BytesIO': <class '_io.BytesIO'>
2024-09-05 00:43:00,695 - passlib.registry - DEBUG - registered 'bcrypt' handler: <class 'passlib.handlers.bcrypt.bcrypt'>
2024-09-05 00:43:02,693 - passlib.utils.compat - DEBUG - loaded lazy attr 'SafeConfigParser': <class 'configparser.ConfigParser'>
2024-09-05 00:43:02,694 - passlib.utils.compat - DEBUG - loaded lazy attr 'NativeStringIO': <class '_io.StringIO'>
2024-09-05 00:43:02,694 - passlib.utils.compat - DEBUG - loaded lazy attr 'BytesIO': <class '_io.BytesIO'>
2024-09-05 00:43:02,697 - passlib.registry - DEBUG - registered 'bcrypt' handler: <class 'passlib.handlers.bcrypt.bcrypt'>
2024-09-05 00:44:29,922 - passlib.utils.compat - DEBUG - loaded lazy attr 'SafeConfigParser': <class 'configparser.ConfigParser'>
2024-09-05 00:44:29,923 - passlib.utils.compat - DEBUG - loaded lazy attr 'NativeStringIO': <class '_io.StringIO'>
2024-09-05 00:44:29,923 - passlib.utils.compat - DEBUG - loaded lazy attr 'BytesIO': <class '_io.BytesIO'>
2024-09-05 00:44:29,927 - passlib.registry - DEBUG - registered 'bcrypt' handler: <class 'passlib.handlers.bcrypt.bcrypt'>
2024-09-05 00:44:38,197 - passlib.utils.compat - DEBUG - loaded lazy attr 'SafeConfigParser': <class 'configparser.ConfigParser'>
2024-09-05 00:44:38,197 - passlib.utils.compat - DEBUG - loaded lazy attr 'NativeStringIO': <class '_io.StringIO'>
2024-09-05 00:44:38,197 - passlib.utils.compat - DEBUG - loaded lazy attr 'BytesIO': <class '_io.BytesIO'>
2024-09-05 00:44:38,200 - passlib.registry - DEBUG - registered 'bcrypt' handler: <class 'passlib.handlers.bcrypt.bcrypt'>
2024-09-05 00:45:25,547 - multipart.multipart - DEBUG - Calling on_part_begin with no data
2024-09-05 00:45:25,547 - multipart.multipart - DEBUG - Calling on_header_field with data[54:73]
2024-09-05 00:45:25,547 - multipart.multipart - DEBUG - Calling on_header_value with data[75:101]
2024-09-05 00:45:25,548 - multipart.multipart - DEBUG - Calling on_header_end with no data
2024-09-05 00:45:25,548 - multipart.multipart - DEBUG - Calling on_headers_finished with no data
2024-09-05 00:45:25,548 - multipart.multipart - DEBUG - Calling on_part_data with data[105:118]
2024-09-05 00:45:25,548 - multipart.multipart - DEBUG - Calling on_part_end with no data
2024-09-05 00:45:25,549 - multipart.multipart - DEBUG - Calling on_part_begin with no data
2024-09-05 00:45:25,549 - multipart.multipart - DEBUG - Calling on_header_field with data[174:193]
2024-09-05 00:45:25,549 - multipart.multipart - DEBUG - Calling on_header_value with data[195:221]
2024-09-05 00:45:25,549 - multipart.multipart - DEBUG - Calling on_header_end with no data
2024-09-05 00:45:25,549 - multipart.multipart - DEBUG - Calling on_headers_finished with no data
2024-09-05 00:45:25,550 - multipart.multipart - DEBUG - Calling on_part_data with data[225:229]
2024-09-05 00:45:25,550 - multipart.multipart - DEBUG - Calling on_part_end with no data
2024-09-05 00:45:25,550 - multipart.multipart - DEBUG - Calling on_end with no data
2024-09-05 00:45:25,554 - passlib.handlers.bcrypt - WARNING - (trapped) error reading bcrypt version
Traceback (most recent call last):
  File "C:\Users\seung\Documents\GitHub\PythonAPIcourse\venv\Lib\site-packages\passlib\handlers\bcrypt.py", line 620, in _load_backend_mixin
    version = _bcrypt.__about__.__version__
              ^^^^^^^^^^^^^^^^^
AttributeError: module 'bcrypt' has no attribute '__about__'
2024-09-05 00:45:25,563 - passlib.handlers.bcrypt - DEBUG - detected 'bcrypt' backend, version '<unknown>'
2024-09-05 00:45:25,564 - passlib.handlers.bcrypt - DEBUG - 'bcrypt' backend lacks $2$ support, enabling workaround
2024-09-05 00:46:20,703 - passlib.utils.compat - DEBUG - loaded lazy attr 'SafeConfigParser': <class 'configparser.ConfigParser'>
2024-09-05 00:46:20,704 - passlib.utils.compat - DEBUG - loaded lazy attr 'NativeStringIO': <class '_io.StringIO'>
2024-09-05 00:46:20,704 - passlib.utils.compat - DEBUG - loaded lazy attr 'BytesIO': <class '_io.BytesIO'>
2024-09-05 00:46:20,706 - passlib.registry - DEBUG - registered 'bcrypt' handler: <class 'passlib.handlers.bcrypt.bcrypt'>
2024-09-05 00:46:24,592 - multipart.multipart - DEBUG - Calling on_part_begin with no data
2024-09-05 00:46:24,593 - multipart.multipart - DEBUG - Calling on_header_field with data[54:73]
2024-09-05 00:46:24,593 - multipart.multipart - DEBUG - Calling on_header_value with data[75:101]
2024-09-05 00:46:24,593 - multipart.multipart - DEBUG - Calling on_header_end with no data
2024-09-05 00:46:24,593 - multipart.multipart - DEBUG - Calling on_headers_finished with no data
2024-09-05 00:46:24,594 - multipart.multipart - DEBUG - Calling on_part_data with data[105:118]
2024-09-05 00:46:24,594 - multipart.multipart - DEBUG - Calling on_part_end with no data
2024-09-05 00:46:24,594 - multipart.multipart - DEBUG - Calling on_part_begin with no data
2024-09-05 00:46:24,594 - multipart.multipart - DEBUG - Calling on_header_field with data[174:193]
2024-09-05 00:46:24,594 - multipart.multipart - DEBUG - Calling on_header_value with data[195:221]
2024-09-05 00:46:24,594 - multipart.multipart - DEBUG - Calling on_header_end with no data
2024-09-05 00:46:24,594 - multipart.multipart - DEBUG - Calling on_headers_finished with no data
2024-09-05 00:46:24,595 - multipart.multipart - DEBUG - Calling on_part_data with data[225:229]
2024-09-05 00:46:24,595 - multipart.multipart - DEBUG - Calling on_part_end with no data
2024-09-05 00:46:24,595 - multipart.multipart - DEBUG - Calling on_end with no data
2024-09-05 00:46:24,603 - passlib.handlers.bcrypt - WARNING - (trapped) error reading bcrypt version
Traceback (most recent call last):
  File "C:\Users\seung\Documents\GitHub\PythonAPIcourse\venv\Lib\site-packages\passlib\handlers\bcrypt.py", line 620, in _load_backend_mixin
    version = _bcrypt.__about__.__version__
              ^^^^^^^^^^^^^^^^^
AttributeError: module 'bcrypt' has no attribute '__about__'
2024-09-05 00:46:24,605 - passlib.handlers.bcrypt - DEBUG - detected 'bcrypt' backend, version '<unknown>'
2024-09-05 00:46:24,605 - passlib.handlers.bcrypt - DEBUG - 'bcrypt' backend lacks $2$ support, enabling workaround
2024-09-05 00:47:15,296 - passlib.utils.compat - DEBUG - loaded lazy attr 'SafeConfigParser': <class 'configparser.ConfigParser'>
2024-09-05 00:47:15,296 - passlib.utils.compat - DEBUG - loaded lazy attr 'NativeStringIO': <class '_io.StringIO'>
2024-09-05 00:47:15,296 - passlib.utils.compat - DEBUG - loaded lazy attr 'BytesIO': <class '_io.BytesIO'>
2024-09-05 00:47:15,299 - passlib.registry - DEBUG - registered 'bcrypt' handler: <class 'passlib.handlers.bcrypt.bcrypt'>
2024-09-05 00:47:59,228 - passlib.utils.compat - DEBUG - loaded lazy attr 'SafeConfigParser': <class 'configparser.ConfigParser'>
2024-09-05 00:47:59,228 - passlib.utils.compat - DEBUG - loaded lazy attr 'NativeStringIO': <class '_io.StringIO'>
2024-09-05 00:47:59,228 - passlib.utils.compat - DEBUG - loaded lazy attr 'BytesIO': <class '_io.BytesIO'>
2024-09-05 00:47:59,232 - passlib.registry - DEBUG - registered 'bcrypt' handler: <class 'passlib.handlers.bcrypt.bcrypt'>
2024-09-05 00:48:39,902 - passlib.utils.compat - DEBUG - loaded lazy attr 'SafeConfigParser': <class 'configparser.ConfigParser'>
2024-09-05 00:48:39,902 - passlib.utils.compat - DEBUG - loaded lazy attr 'NativeStringIO': <class '_io.StringIO'>
2024-09-05 00:48:39,902 - passlib.utils.compat - DEBUG - loaded lazy attr 'BytesIO': <class '_io.BytesIO'>
2024-09-05 00:48:39,906 - passlib.registry - DEBUG - registered 'bcrypt' handler: <class 'passlib.handlers.bcrypt.bcrypt'>
2024-09-05 00:50:00,789 - passlib.utils.compat - DEBUG - loaded lazy attr 'SafeConfigParser': <class 'configparser.ConfigParser'>
2024-09-05 00:50:00,790 - passlib.utils.compat - DEBUG - loaded lazy attr 'NativeStringIO': <class '_io.StringIO'>
2024-09-05 00:50:00,790 - passlib.utils.compat - DEBUG - loaded lazy attr 'BytesIO': <class '_io.BytesIO'>
2024-09-05 00:50:00,793 - passlib.registry - DEBUG - registered 'bcrypt' handler: <class 'passlib.handlers.bcrypt.bcrypt'>
2024-09-05 00:50:26,977 - passlib.utils.compat - DEBUG - loaded lazy attr 'SafeConfigParser': <class 'configparser.ConfigParser'>
2024-09-05 00:50:26,978 - passlib.utils.compat - DEBUG - loaded lazy attr 'NativeStringIO': <class '_io.StringIO'>
2024-09-05 00:50:26,978 - passlib.utils.compat - DEBUG - loaded lazy attr 'BytesIO': <class '_io.BytesIO'>
2024-09-05 00:50:26,980 - passlib.registry - DEBUG - registered 'bcrypt' handler: <class 'passlib.handlers.bcrypt.bcrypt'>
2024-09-05 00:51:59,305 - passlib.utils.compat - DEBUG - loaded lazy attr 'SafeConfigParser': <class 'configparser.ConfigParser'>
2024-09-05 00:51:59,306 - passlib.utils.compat - DEBUG - loaded lazy attr 'NativeStringIO': <class '_io.StringIO'>
2024-09-05 00:51:59,306 - passlib.utils.compat - DEBUG - loaded lazy attr 'BytesIO': <class '_io.BytesIO'>
2024-09-05 00:51:59,315 - passlib.registry - DEBUG - registered 'bcrypt' handler: <class 'passlib.handlers.bcrypt.bcrypt'>
2024-09-05 00:55:11,664 - passlib.utils.compat - DEBUG - loaded lazy attr 'SafeConfigParser': <class 'configparser.ConfigParser'>
2024-09-05 00:55:11,665 - passlib.utils.compat - DEBUG - loaded lazy attr 'NativeStringIO': <class '_io.StringIO'>
2024-09-05 00:55:11,665 - passlib.utils.compat - DEBUG - loaded lazy attr 'BytesIO': <class '_io.BytesIO'>
2024-09-05 00:55:11,667 - passlib.registry - DEBUG - registered 'bcrypt' handler: <class 'passlib.handlers.bcrypt.bcrypt'>
2024-09-05 00:56:14,558 - passlib.utils.compat - DEBUG - loaded lazy attr 'SafeConfigParser': <class 'configparser.ConfigParser'>
2024-09-05 00:56:14,559 - passlib.utils.compat - DEBUG - loaded lazy attr 'NativeStringIO': <class '_io.StringIO'>
2024-09-05 00:56:14,559 - passlib.utils.compat - DEBUG - loaded lazy attr 'BytesIO': <class '_io.BytesIO'>
2024-09-05 00:56:14,561 - passlib.registry - DEBUG - registered 'bcrypt' handler: <class 'passlib.handlers.bcrypt.bcrypt'>
2024-09-05 00:56:17,496 - passlib.utils.compat - DEBUG - loaded lazy attr 'SafeConfigParser': <class 'configparser.ConfigParser'>
2024-09-05 00:56:17,497 - passlib.utils.compat - DEBUG - loaded lazy attr 'NativeStringIO': <class '_io.StringIO'>
2024-09-05 00:56:17,497 - passlib.utils.compat - DEBUG - loaded lazy attr 'BytesIO': <class '_io.BytesIO'>
2024-09-05 00:56:17,499 - passlib.registry - DEBUG - registered 'bcrypt' handler: <class 'passlib.handlers.bcrypt.bcrypt'>
2024-09-05 00:56:57,480 - passlib.utils.compat - DEBUG - loaded lazy attr 'SafeConfigParser': <class 'configparser.ConfigParser'>
2024-09-05 00:56:57,481 - passlib.utils.compat - DEBUG - loaded lazy attr 'NativeStringIO': <class '_io.StringIO'>
2024-09-05 00:56:57,481 - passlib.utils.compat - DEBUG - loaded lazy attr 'BytesIO': <class '_io.BytesIO'>
2024-09-05 00:56:57,483 - passlib.registry - DEBUG - registered 'bcrypt' handler: <class 'passlib.handlers.bcrypt.bcrypt'>
2024-09-05 00:57:16,023 - passlib.utils.compat - DEBUG - loaded lazy attr 'SafeConfigParser': <class 'configparser.ConfigParser'>
2024-09-05 00:57:16,023 - passlib.utils.compat - DEBUG - loaded lazy attr 'NativeStringIO': <class '_io.StringIO'>
2024-09-05 00:57:16,023 - passlib.utils.compat - DEBUG - loaded lazy attr 'BytesIO': <class '_io.BytesIO'>
2024-09-05 00:57:16,026 - passlib.registry - DEBUG - registered 'bcrypt' handler: <class 'passlib.handlers.bcrypt.bcrypt'>
2024-09-05 00:57:35,802 - passlib.utils.compat - DEBUG - loaded lazy attr 'SafeConfigParser': <class 'configparser.ConfigParser'>
2024-09-05 00:57:35,802 - passlib.utils.compat - DEBUG - loaded lazy attr 'NativeStringIO': <class '_io.StringIO'>
2024-09-05 00:57:35,802 - passlib.utils.compat - DEBUG - loaded lazy attr 'BytesIO': <class '_io.BytesIO'>
2024-09-05 00:57:35,805 - passlib.registry - DEBUG - registered 'bcrypt' handler: <class 'passlib.handlers.bcrypt.bcrypt'>
2024-09-05 00:58:26,940 - passlib.utils.compat - DEBUG - loaded lazy attr 'SafeConfigParser': <class 'configparser.ConfigParser'>
2024-09-05 00:58:26,942 - passlib.utils.compat - DEBUG - loaded lazy attr 'NativeStringIO': <class '_io.StringIO'>
2024-09-05 00:58:26,942 - passlib.utils.compat - DEBUG - loaded lazy attr 'BytesIO': <class '_io.BytesIO'>
2024-09-05 00:58:26,945 - passlib.registry - DEBUG - registered 'bcrypt' handler: <class 'passlib.handlers.bcrypt.bcrypt'>
2024-09-05 00:58:41,886 - passlib.utils.compat - DEBUG - loaded lazy attr 'SafeConfigParser': <class 'configparser.ConfigParser'>
2024-09-05 00:58:41,887 - passlib.utils.compat - DEBUG - loaded lazy attr 'NativeStringIO': <class '_io.StringIO'>
2024-09-05 00:58:41,887 - passlib.utils.compat - DEBUG - loaded lazy attr 'BytesIO': <class '_io.BytesIO'>
2024-09-05 00:58:41,889 - passlib.registry - DEBUG - registered 'bcrypt' handler: <class 'passlib.handlers.bcrypt.bcrypt'>
2024-09-05 01:01:16,830 - passlib.utils.compat - DEBUG - loaded lazy attr 'SafeConfigParser': <class 'configparser.ConfigParser'>
2024-09-05 01:01:16,831 - passlib.utils.compat - DEBUG - loaded lazy attr 'NativeStringIO': <class '_io.StringIO'>
2024-09-05 01:01:16,831 - passlib.utils.compat - DEBUG - loaded lazy attr 'BytesIO': <class '_io.BytesIO'>
2024-09-05 01:01:16,834 - passlib.registry - DEBUG - registered 'bcrypt' handler: <class 'passlib.handlers.bcrypt.bcrypt'>
2024-09-05 01:01:47,957 - passlib.utils.compat - DEBUG - loaded lazy attr 'SafeConfigParser': <class 'configparser.ConfigParser'>
2024-09-05 01:01:47,957 - passlib.utils.compat - DEBUG - loaded lazy attr 'NativeStringIO': <class '_io.StringIO'>
2024-09-05 01:01:47,957 - passlib.utils.compat - DEBUG - loaded lazy attr 'BytesIO': <class '_io.BytesIO'>
2024-09-05 01:01:47,960 - passlib.registry - DEBUG - registered 'bcrypt' handler: <class 'passlib.handlers.bcrypt.bcrypt'>
2024-09-05 01:01:53,213 - passlib.utils.compat - DEBUG - loaded lazy attr 'SafeConfigParser': <class 'configparser.ConfigParser'>
2024-09-05 01:01:53,213 - passlib.utils.compat - DEBUG - loaded lazy attr 'NativeStringIO': <class '_io.StringIO'>
2024-09-05 01:01:53,214 - passlib.utils.compat - DEBUG - loaded lazy attr 'BytesIO': <class '_io.BytesIO'>
2024-09-05 01:01:53,216 - passlib.registry - DEBUG - registered 'bcrypt' handler: <class 'passlib.handlers.bcrypt.bcrypt'>
2024-09-05 01:02:11,496 - passlib.utils.compat - DEBUG - loaded lazy attr 'SafeConfigParser': <class 'configparser.ConfigParser'>
2024-09-05 01:02:11,497 - passlib.utils.compat - DEBUG - loaded lazy attr 'NativeStringIO': <class '_io.StringIO'>
2024-09-05 01:02:11,497 - passlib.utils.compat - DEBUG - loaded lazy attr 'BytesIO': <class '_io.BytesIO'>
2024-09-05 01:02:11,500 - passlib.registry - DEBUG - registered 'bcrypt' handler: <class 'passlib.handlers.bcrypt.bcrypt'>
2024-09-05 01:02:35,343 - multipart.multipart - DEBUG - Calling on_part_begin with no data
2024-09-05 01:02:35,344 - multipart.multipart - DEBUG - Calling on_header_field with data[54:73]
2024-09-05 01:02:35,344 - multipart.multipart - DEBUG - Calling on_header_value with data[75:101]
2024-09-05 01:02:35,344 - multipart.multipart - DEBUG - Calling on_header_end with no data
2024-09-05 01:02:35,344 - multipart.multipart - DEBUG - Calling on_headers_finished with no data
2024-09-05 01:02:35,344 - multipart.multipart - DEBUG - Calling on_part_data with data[105:118]
2024-09-05 01:02:35,344 - multipart.multipart - DEBUG - Calling on_part_end with no data
2024-09-05 01:02:35,344 - multipart.multipart - DEBUG - Calling on_part_begin with no data
2024-09-05 01:02:35,344 - multipart.multipart - DEBUG - Calling on_header_field with data[174:193]
2024-09-05 01:02:35,344 - multipart.multipart - DEBUG - Calling on_header_value with data[195:221]
2024-09-05 01:02:35,345 - multipart.multipart - DEBUG - Calling on_header_end with no data
2024-09-05 01:02:35,345 - multipart.multipart - DEBUG - Calling on_headers_finished with no data
2024-09-05 01:02:35,345 - multipart.multipart - DEBUG - Calling on_part_data with data[225:229]
2024-09-05 01:02:35,345 - multipart.multipart - DEBUG - Calling on_part_end with no data
2024-09-05 01:02:35,345 - multipart.multipart - DEBUG - Calling on_end with no data
2024-09-05 01:02:35,352 - passlib.handlers.bcrypt - WARNING - (trapped) error reading bcrypt version
Traceback (most recent call last):
  File "C:\Users\seung\Documents\GitHub\PythonAPIcourse\venv\Lib\site-packages\passlib\handlers\bcrypt.py", line 620, in _load_backend_mixin
    version = _bcrypt.__about__.__version__
              ^^^^^^^^^^^^^^^^^
AttributeError: module 'bcrypt' has no attribute '__about__'
2024-09-05 01:02:35,353 - passlib.handlers.bcrypt - DEBUG - detected 'bcrypt' backend, version '<unknown>'
2024-09-05 01:02:35,353 - passlib.handlers.bcrypt - DEBUG - 'bcrypt' backend lacks $2$ support, enabling workaround
2024-09-05 01:03:06,105 - passlib.utils.compat - DEBUG - loaded lazy attr 'SafeConfigParser': <class 'configparser.ConfigParser'>
2024-09-05 01:03:06,105 - passlib.utils.compat - DEBUG - loaded lazy attr 'NativeStringIO': <class '_io.StringIO'>
2024-09-05 01:03:06,106 - passlib.utils.compat - DEBUG - loaded lazy attr 'BytesIO': <class '_io.BytesIO'>
2024-09-05 01:03:06,109 - passlib.registry - DEBUG - registered 'bcrypt' handler: <class 'passlib.handlers.bcrypt.bcrypt'>
2024-09-05 01:03:21,011 - passlib.utils.compat - DEBUG - loaded lazy attr 'SafeConfigParser': <class 'configparser.ConfigParser'>
2024-09-05 01:03:21,012 - passlib.utils.compat - DEBUG - loaded lazy attr 'NativeStringIO': <class '_io.StringIO'>
2024-09-05 01:03:21,012 - passlib.utils.compat - DEBUG - loaded lazy attr 'BytesIO': <class '_io.BytesIO'>
2024-09-05 01:03:21,015 - passlib.registry - DEBUG - registered 'bcrypt' handler: <class 'passlib.handlers.bcrypt.bcrypt'>
2024-09-05 01:03:43,928 - passlib.utils.compat - DEBUG - loaded lazy attr 'SafeConfigParser': <class 'configparser.ConfigParser'>
2024-09-05 01:03:43,929 - passlib.utils.compat - DEBUG - loaded lazy attr 'NativeStringIO': <class '_io.StringIO'>
2024-09-05 01:03:43,929 - passlib.utils.compat - DEBUG - loaded lazy attr 'BytesIO': <class '_io.BytesIO'>
2024-09-05 01:03:43,932 - passlib.registry - DEBUG - registered 'bcrypt' handler: <class 'passlib.handlers.bcrypt.bcrypt'>
2024-09-05 01:03:45,327 - passlib.utils.compat - DEBUG - loaded lazy attr 'SafeConfigParser': <class 'configparser.ConfigParser'>
2024-09-05 01:03:45,328 - passlib.utils.compat - DEBUG - loaded lazy attr 'NativeStringIO': <class '_io.StringIO'>
2024-09-05 01:03:45,328 - passlib.utils.compat - DEBUG - loaded lazy attr 'BytesIO': <class '_io.BytesIO'>
2024-09-05 01:03:45,331 - passlib.registry - DEBUG - registered 'bcrypt' handler: <class 'passlib.handlers.bcrypt.bcrypt'>
2024-09-05 01:03:49,341 - passlib.utils.compat - DEBUG - loaded lazy attr 'SafeConfigParser': <class 'configparser.ConfigParser'>
2024-09-05 01:03:49,342 - passlib.utils.compat - DEBUG - loaded lazy attr 'NativeStringIO': <class '_io.StringIO'>
2024-09-05 01:03:49,342 - passlib.utils.compat - DEBUG - loaded lazy attr 'BytesIO': <class '_io.BytesIO'>
2024-09-05 01:03:49,344 - passlib.registry - DEBUG - registered 'bcrypt' handler: <class 'passlib.handlers.bcrypt.bcrypt'>
